\BOOKMARK [1][-]{section.1}{\376\377\000I\000n\000t\000r\000o\000d\000u\000c\000t\000i\000o\000n}{}% 1
\BOOKMARK [2][-]{subsection.1.1}{\376\377\000C\000o\000n\000t\000e\000x\000t\000e\000\040\000d\000u\000\040\000P\000r\000o\000j\000e\000t}{section.1}% 2
\BOOKMARK [2][-]{subsection.1.2}{\376\377\000P\000r\000o\000b\000l\000\351\000m\000a\000t\000i\000q\000u\000e}{section.1}% 3
\BOOKMARK [2][-]{subsection.1.3}{\376\377\000O\000b\000j\000e\000c\000t\000i\000f\000s\000\040\000d\000u\000\040\000P\000r\000o\000j\000e\000t}{section.1}% 4
\BOOKMARK [2][-]{subsection.1.4}{\376\377\000P\000o\000r\000t\000\351\000e\000\040\000d\000u\000\040\000P\000r\000o\000j\000e\000t}{section.1}% 5
\BOOKMARK [1][-]{section.2}{\376\377\000A\000n\000a\000l\000y\000s\000e\000\040\000d\000e\000s\000\040\000B\000e\000s\000o\000i\000n\000s}{}% 6
\BOOKMARK [2][-]{subsection.2.1}{\376\377\000B\000e\000s\000o\000i\000n\000s\000\040\000F\000o\000n\000c\000t\000i\000o\000n\000n\000e\000l\000s}{section.2}% 7
\BOOKMARK [3][-]{subsubsection.2.1.1}{\376\377\000G\000e\000s\000t\000i\000o\000n\000\040\000d\000e\000s\000\040\000A\000b\000s\000e\000n\000c\000e\000s}{subsection.2.1}% 8
\BOOKMARK [3][-]{subsubsection.2.1.2}{\376\377\000G\000e\000s\000t\000i\000o\000n\000\040\000d\000e\000s\000\040\000U\000t\000i\000l\000i\000s\000a\000t\000e\000u\000r\000s}{subsection.2.1}% 9
\BOOKMARK [2][-]{subsection.2.2}{\376\377\000B\000e\000s\000o\000i\000n\000s\000\040\000N\000o\000n\000\040\000F\000o\000n\000c\000t\000i\000o\000n\000n\000e\000l\000s}{section.2}% 10
\BOOKMARK [3][-]{subsubsection.2.2.1}{\376\377\000P\000e\000r\000f\000o\000r\000m\000a\000n\000c\000e}{subsection.2.2}% 11
\BOOKMARK [3][-]{subsubsection.2.2.2}{\376\377\000S\000\351\000c\000u\000r\000i\000t\000\351}{subsection.2.2}% 12
\BOOKMARK [3][-]{subsubsection.2.2.3}{\376\377\000F\000i\000a\000b\000i\000l\000i\000t\000\351}{subsection.2.2}% 13
\BOOKMARK [3][-]{subsubsection.2.2.4}{\376\377\000U\000t\000i\000l\000i\000s\000a\000b\000i\000l\000i\000t\000\351}{subsection.2.2}% 14
\BOOKMARK [1][-]{section.3}{\376\377\000S\000o\000l\000u\000t\000i\000o\000n\000\040\000P\000r\000o\000p\000o\000s\000\351\000e}{}% 15
\BOOKMARK [2][-]{subsection.3.1}{\376\377\000A\000r\000c\000h\000i\000t\000e\000c\000t\000u\000r\000e\000\040\000G\000l\000o\000b\000a\000l\000e}{section.3}% 16
\BOOKMARK [2][-]{subsection.3.2}{\376\377\000C\000o\000m\000p\000o\000s\000a\000n\000t\000s\000\040\000C\000l\000\351\000s}{section.3}% 17
\BOOKMARK [3][-]{subsubsection.3.2.1}{\376\377\000I\000n\000t\000e\000r\000f\000a\000c\000e\000\040\000A\000d\000m\000i\000n\000i\000s\000t\000r\000a\000t\000i\000v\000e}{subsection.3.2}% 18
\BOOKMARK [3][-]{subsubsection.3.2.2}{\376\377\000S\000y\000s\000t\000\350\000m\000e\000\040\000d\000e\000\040\000S\000u\000i\000v\000i\000\040\000d\000e\000s\000\040\000A\000b\000s\000e\000n\000c\000e\000s}{subsection.3.2}% 19
\BOOKMARK [2][-]{subsection.3.3}{\376\377\000A\000v\000a\000n\000t\000a\000g\000e\000s\000\040\000d\000e\000\040\000l\000a\000\040\000S\000o\000l\000u\000t\000i\000o\000n}{section.3}% 20
\BOOKMARK [1][-]{section.4}{\376\377\000C\000o\000n\000c\000e\000p\000t\000i\000o\000n}{}% 21
\BOOKMARK [2][-]{subsection.4.1}{\376\377\000A\000r\000c\000h\000i\000t\000e\000c\000t\000u\000r\000e\000\040\000G\000l\000o\000b\000a\000l\000e}{section.4}% 22
\BOOKMARK [3][-]{subsubsection.4.1.1}{\376\377\000B\000a\000c\000k\000e\000n\000d\000\040\000\050\000.\000N\000E\000T\000\040\000C\000o\000r\000e\000\051}{subsection.4.1}% 23
\BOOKMARK [3][-]{subsubsection.4.1.2}{\376\377\000F\000r\000o\000n\000t\000e\000n\000d\000\040\000\050\000R\000e\000a\000c\000t\000\051}{subsection.4.1}% 24
\BOOKMARK [2][-]{subsection.4.2}{\376\377\000M\000o\000d\000\350\000l\000e\000\040\000d\000e\000\040\000D\000o\000n\000n\000\351\000e\000s}{section.4}% 25
\BOOKMARK [1][-]{section.5}{\376\377\000I\000m\000p\000l\000\351\000m\000e\000n\000t\000a\000t\000i\000o\000n\000\040\000d\000u\000\040\000B\000a\000c\000k\000e\000n\000d}{}% 26
\BOOKMARK [2][-]{subsection.5.1}{\376\377\000S\000t\000r\000u\000c\000t\000u\000r\000e\000\040\000d\000e\000\040\000l\000'\000A\000P\000I}{section.5}% 27
\BOOKMARK [3][-]{subsubsection.5.1.1}{\376\377\000C\000o\000n\000t\000r\000\364\000l\000e\000u\000r\000s\000\040\000P\000r\000i\000n\000c\000i\000p\000a\000u\000x}{subsection.5.1}% 28
\BOOKMARK [2][-]{subsection.5.2}{\376\377\000M\000o\000d\000\350\000l\000e\000s\000\040\000d\000e\000\040\000D\000o\000n\000n\000\351\000e\000s}{section.5}% 29
\BOOKMARK [2][-]{subsection.5.3}{\376\377\000E\000n\000t\000i\000t\000y\000\040\000F\000r\000a\000m\000e\000w\000o\000r\000k\000\040\000C\000o\000r\000e}{section.5}% 30
\BOOKMARK [2][-]{subsection.5.4}{\376\377\000S\000\351\000c\000u\000r\000i\000t\000\351\000\040\000e\000t\000\040\000P\000e\000r\000f\000o\000r\000m\000a\000n\000c\000e}{section.5}% 31
\BOOKMARK [1][-]{section.6}{\376\377\000I\000m\000p\000l\000\351\000m\000e\000n\000t\000a\000t\000i\000o\000n\000\040\000F\000r\000o\000n\000t\000e\000n\000d}{}% 32
\BOOKMARK [2][-]{subsection.6.1}{\376\377\000S\000t\000r\000u\000c\000t\000u\000r\000e\000\040\000d\000e\000s\000\040\000C\000o\000m\000p\000o\000s\000a\000n\000t\000s}{section.6}% 33
\BOOKMARK [2][-]{subsection.6.2}{\376\377\000C\000o\000m\000p\000o\000s\000a\000n\000t\000s\000\040\000R\000\351\000u\000t\000i\000l\000i\000s\000a\000b\000l\000e\000s}{section.6}% 34
\BOOKMARK [2][-]{subsection.6.3}{\376\377\000G\000e\000s\000t\000i\000o\000n\000\040\000d\000'\000\311\000t\000a\000t}{section.6}% 35
\BOOKMARK [2][-]{subsection.6.4}{\376\377\000C\000o\000m\000m\000u\000n\000i\000c\000a\000t\000i\000o\000n\000\040\000a\000v\000e\000c\000\040\000l\000'\000A\000P\000I}{section.6}% 36
\BOOKMARK [1][-]{section.7}{\376\377\000T\000e\000s\000t\000s\000\040\000e\000t\000\040\000V\000a\000l\000i\000d\000a\000t\000i\000o\000n}{}% 37
\BOOKMARK [2][-]{subsection.7.1}{\376\377\000T\000e\000s\000t\000s\000\040\000B\000a\000c\000k\000e\000n\000d}{section.7}% 38
\BOOKMARK [2][-]{subsection.7.2}{\376\377\000T\000e\000s\000t\000s\000\040\000F\000r\000o\000n\000t\000e\000n\000d}{section.7}% 39
\BOOKMARK [2][-]{subsection.7.3}{\376\377\000A\000s\000s\000u\000r\000a\000n\000c\000e\000\040\000Q\000u\000a\000l\000i\000t\000\351}{section.7}% 40
\BOOKMARK [2][-]{subsection.7.4}{\376\377\000P\000e\000r\000f\000o\000r\000m\000a\000n\000c\000e}{section.7}% 41
\BOOKMARK [1][-]{section.8}{\376\377\000I\000n\000t\000e\000r\000f\000a\000c\000e\000\040\000U\000t\000i\000l\000i\000s\000a\000t\000e\000u\000r}{}% 42
\BOOKMARK [2][-]{subsection.8.1}{\376\377\000P\000a\000g\000e\000\040\000d\000e\000\040\000C\000o\000n\000n\000e\000x\000i\000o\000n}{section.8}% 43
\BOOKMARK [2][-]{subsection.8.2}{\376\377\000T\000a\000b\000l\000e\000a\000u\000\040\000d\000e\000\040\000B\000o\000r\000d}{section.8}% 44
\BOOKMARK [2][-]{subsection.8.3}{\376\377\000G\000e\000s\000t\000i\000o\000n\000\040\000d\000e\000s\000\040\000A\000b\000s\000e\000n\000c\000e\000s}{section.8}% 45
\BOOKMARK [2][-]{subsection.8.4}{\376\377\000I\000n\000t\000e\000r\000f\000a\000c\000e\000s\000\040\000A\000d\000m\000i\000n\000i\000s\000t\000r\000a\000t\000i\000v\000e\000s}{section.8}% 46
\BOOKMARK [2][-]{subsection.8.5}{\376\377\000R\000e\000s\000p\000o\000n\000s\000i\000v\000e\000\040\000D\000e\000s\000i\000g\000n}{section.8}% 47
\BOOKMARK [1][-]{section.9}{\376\377\000C\000o\000n\000c\000l\000u\000s\000i\000o\000n}{}% 48
\BOOKMARK [2][-]{subsection.9.1}{\376\377\000R\000\351\000a\000l\000i\000s\000a\000t\000i\000o\000n\000s}{section.9}% 49
\BOOKMARK [2][-]{subsection.9.2}{\376\377\000P\000e\000r\000s\000p\000e\000c\000t\000i\000v\000e\000s\000\040\000d\000'\000\311\000v\000o\000l\000u\000t\000i\000o\000n}{section.9}% 50
\BOOKMARK [2][-]{subsection.9.3}{\376\377\000I\000m\000p\000a\000c\000t\000\040\000e\000t\000\040\000B\000\351\000n\000\351\000f\000i\000c\000e\000s}{section.9}% 51
